[2025-12-24T20:02:36.222+0000] {processor.py:157} INFO - Started process (PID=164) to work on /opt/airflow/dags/simple_data_generation_dag.py
[2025-12-24T20:02:36.225+0000] {processor.py:829} INFO - Processing file /opt/airflow/dags/simple_data_generation_dag.py for tasks to queue
[2025-12-24T20:02:36.236+0000] {logging_mixin.py:154} INFO - [2025-12-24T20:02:36.230+0000] {dagbag.py:536} INFO - Filling up the DagBag from /opt/airflow/dags/simple_data_generation_dag.py
[2025-12-24T20:02:36.378+0000] {processor.py:839} INFO - DAG(s) dict_keys(['simple_data_generation_pipeline']) retrieved from /opt/airflow/dags/simple_data_generation_dag.py
[2025-12-24T20:02:37.349+0000] {logging_mixin.py:154} INFO - [2025-12-24T20:02:37.349+0000] {manager.py:499} INFO - Created Permission View: %s
[2025-12-24T20:02:37.383+0000] {logging_mixin.py:154} INFO - [2025-12-24T20:02:37.383+0000] {manager.py:499} INFO - Created Permission View: %s
[2025-12-24T20:02:37.398+0000] {logging_mixin.py:154} INFO - [2025-12-24T20:02:37.398+0000] {manager.py:499} INFO - Created Permission View: %s
[2025-12-24T20:02:37.399+0000] {logging_mixin.py:154} INFO - [2025-12-24T20:02:37.399+0000] {dag.py:2941} INFO - Sync 1 DAGs
[2025-12-24T20:02:37.479+0000] {logging_mixin.py:154} INFO - [2025-12-24T20:02:37.478+0000] {dag.py:2963} INFO - Creating ORM DAG for simple_data_generation_pipeline
[2025-12-24T20:02:37.556+0000] {logging_mixin.py:154} INFO - [2025-12-24T20:02:37.555+0000] {dag.py:3722} INFO - Setting next_dagrun for simple_data_generation_pipeline to 2025-12-24T20:00:37.549488+00:00, run_after=2025-12-24T20:02:37.549488+00:00
[2025-12-24T20:02:37.632+0000] {processor.py:179} INFO - Processing /opt/airflow/dags/simple_data_generation_dag.py took 1.440 seconds
[2025-12-24T20:03:08.094+0000] {processor.py:157} INFO - Started process (PID=169) to work on /opt/airflow/dags/simple_data_generation_dag.py
[2025-12-24T20:03:08.097+0000] {processor.py:829} INFO - Processing file /opt/airflow/dags/simple_data_generation_dag.py for tasks to queue
[2025-12-24T20:03:08.098+0000] {logging_mixin.py:154} INFO - [2025-12-24T20:03:08.098+0000] {dagbag.py:536} INFO - Filling up the DagBag from /opt/airflow/dags/simple_data_generation_dag.py
[2025-12-24T20:03:08.126+0000] {processor.py:839} INFO - DAG(s) dict_keys(['simple_data_generation_pipeline']) retrieved from /opt/airflow/dags/simple_data_generation_dag.py
[2025-12-24T20:03:08.193+0000] {logging_mixin.py:154} INFO - [2025-12-24T20:03:08.193+0000] {dag.py:2941} INFO - Sync 1 DAGs
[2025-12-24T20:03:08.240+0000] {logging_mixin.py:154} INFO - [2025-12-24T20:03:08.239+0000] {dag.py:3722} INFO - Setting next_dagrun for simple_data_generation_pipeline to 2025-12-24T20:01:08.239546+00:00, run_after=2025-12-24T20:03:08.239546+00:00
[2025-12-24T20:03:08.278+0000] {processor.py:179} INFO - Processing /opt/airflow/dags/simple_data_generation_dag.py took 0.197 seconds
[2025-12-24T20:03:38.648+0000] {processor.py:157} INFO - Started process (PID=174) to work on /opt/airflow/dags/simple_data_generation_dag.py
[2025-12-24T20:03:38.650+0000] {processor.py:829} INFO - Processing file /opt/airflow/dags/simple_data_generation_dag.py for tasks to queue
[2025-12-24T20:03:38.652+0000] {logging_mixin.py:154} INFO - [2025-12-24T20:03:38.651+0000] {dagbag.py:536} INFO - Filling up the DagBag from /opt/airflow/dags/simple_data_generation_dag.py
[2025-12-24T20:03:38.690+0000] {processor.py:839} INFO - DAG(s) dict_keys(['simple_data_generation_pipeline']) retrieved from /opt/airflow/dags/simple_data_generation_dag.py
[2025-12-24T20:03:38.774+0000] {logging_mixin.py:154} INFO - [2025-12-24T20:03:38.773+0000] {dag.py:2941} INFO - Sync 1 DAGs
[2025-12-24T20:03:38.838+0000] {logging_mixin.py:154} INFO - [2025-12-24T20:03:38.838+0000] {dag.py:3722} INFO - Setting next_dagrun for simple_data_generation_pipeline to 2025-12-24T20:01:38.837788+00:00, run_after=2025-12-24T20:03:38.837788+00:00
[2025-12-24T20:03:38.882+0000] {processor.py:179} INFO - Processing /opt/airflow/dags/simple_data_generation_dag.py took 0.242 seconds
[2025-12-24T20:04:09.202+0000] {processor.py:157} INFO - Started process (PID=179) to work on /opt/airflow/dags/simple_data_generation_dag.py
[2025-12-24T20:04:09.206+0000] {processor.py:829} INFO - Processing file /opt/airflow/dags/simple_data_generation_dag.py for tasks to queue
[2025-12-24T20:04:09.210+0000] {logging_mixin.py:154} INFO - [2025-12-24T20:04:09.209+0000] {dagbag.py:536} INFO - Filling up the DagBag from /opt/airflow/dags/simple_data_generation_dag.py
[2025-12-24T20:04:09.281+0000] {processor.py:839} INFO - DAG(s) dict_keys(['simple_data_generation_pipeline']) retrieved from /opt/airflow/dags/simple_data_generation_dag.py
[2025-12-24T20:04:09.443+0000] {logging_mixin.py:154} INFO - [2025-12-24T20:04:09.443+0000] {dag.py:2941} INFO - Sync 1 DAGs
[2025-12-24T20:04:09.500+0000] {logging_mixin.py:154} INFO - [2025-12-24T20:04:09.499+0000] {dag.py:3722} INFO - Setting next_dagrun for simple_data_generation_pipeline to 2025-12-24T20:02:09.499366+00:00, run_after=2025-12-24T20:04:09.499366+00:00
[2025-12-24T20:04:09.542+0000] {processor.py:179} INFO - Processing /opt/airflow/dags/simple_data_generation_dag.py took 0.359 seconds
