[2025-12-24T19:27:31.809+0000] {manager.py:487} INFO - Processing files using up to 2 processes at a time 
[2025-12-24T19:27:31.810+0000] {manager.py:488} INFO - Process each file at most once every 30 seconds
[2025-12-24T19:27:31.810+0000] {manager.py:489} INFO - Checking for new files in /opt/airflow/dags every 300 seconds
[2025-12-24T19:27:31.810+0000] {manager.py:755} INFO - Searching for files in /opt/airflow/dags
[2025-12-24T19:27:31.812+0000] {manager.py:758} INFO - There are 0 files in /opt/airflow/dags
[2025-12-24T19:32:32.243+0000] {manager.py:755} INFO - Searching for files in /opt/airflow/dags
[2025-12-24T19:32:32.247+0000] {manager.py:758} INFO - There are 0 files in /opt/airflow/dags
[2025-12-24T19:37:33.117+0000] {manager.py:755} INFO - Searching for files in /opt/airflow/dags
[2025-12-24T19:37:33.119+0000] {manager.py:758} INFO - There are 0 files in /opt/airflow/dags
[2025-12-24T19:42:33.930+0000] {manager.py:755} INFO - Searching for files in /opt/airflow/dags
[2025-12-24T19:42:33.936+0000] {manager.py:758} INFO - There are 0 files in /opt/airflow/dags
[2025-12-24T19:47:34.464+0000] {manager.py:755} INFO - Searching for files in /opt/airflow/dags
[2025-12-24T19:47:34.466+0000] {manager.py:758} INFO - There are 0 files in /opt/airflow/dags
[2025-12-24T19:52:34.712+0000] {manager.py:755} INFO - Searching for files in /opt/airflow/dags
[2025-12-24T19:52:34.715+0000] {manager.py:758} INFO - There are 0 files in /opt/airflow/dags
[2025-12-24T19:57:34.882+0000] {manager.py:755} INFO - Searching for files in /opt/airflow/dags
[2025-12-24T19:57:34.885+0000] {manager.py:758} INFO - There are 0 files in /opt/airflow/dags
[2025-12-24T20:02:35.746+0000] {manager.py:755} INFO - Searching for files in /opt/airflow/dags
[2025-12-24T20:02:35.755+0000] {manager.py:758} INFO - There are 1 files in /opt/airflow/dags
[2025-12-24T20:02:50.779+0000] {manager.py:887} INFO - 
================================================================================
DAG File Processing Stats

File Path                                        PID    Runtime      # DAGs    # Errors  Last Runtime    Last Run
-----------------------------------------------  -----  ---------  --------  ----------  --------------  -------------------
/opt/airflow/dags/simple_data_generation_dag.py                           1           0  1.60s           2025-12-24T20:02:37
================================================================================
[2025-12-24T20:03:22.167+0000] {manager.py:887} INFO - 
================================================================================
DAG File Processing Stats

File Path                                        PID    Runtime      # DAGs    # Errors  Last Runtime    Last Run
-----------------------------------------------  -----  ---------  --------  ----------  --------------  -------------------
/opt/airflow/dags/simple_data_generation_dag.py                           1           0  0.30s           2025-12-24T20:03:08
================================================================================
[2025-12-24T20:03:53.980+0000] {manager.py:887} INFO - 
================================================================================
DAG File Processing Stats

File Path                                        PID    Runtime      # DAGs    # Errors  Last Runtime    Last Run
-----------------------------------------------  -----  ---------  --------  ----------  --------------  -------------------
/opt/airflow/dags/simple_data_generation_dag.py                           1           0  0.28s           2025-12-24T20:03:38
================================================================================
[2025-12-24T20:04:25.694+0000] {manager.py:887} INFO - 
================================================================================
DAG File Processing Stats

File Path                                        PID    Runtime      # DAGs    # Errors  Last Runtime    Last Run
-----------------------------------------------  -----  ---------  --------  ----------  --------------  -------------------
/opt/airflow/dags/simple_data_generation_dag.py                           1           0  0.42s           2025-12-24T20:04:09
================================================================================
[2025-12-24T20:04:55.981+0000] {manager.py:887} INFO - 
================================================================================
DAG File Processing Stats

File Path                                        PID    Runtime      # DAGs    # Errors  Last Runtime    Last Run
-----------------------------------------------  -----  ---------  --------  ----------  --------------  -------------------
/opt/airflow/dags/simple_data_generation_dag.py                           1           0  0.24s           2025-12-24T20:04:40
================================================================================
[2025-12-24T20:05:26.477+0000] {manager.py:887} INFO - 
================================================================================
DAG File Processing Stats

File Path                                        PID    Runtime      # DAGs    # Errors  Last Runtime    Last Run
-----------------------------------------------  -----  ---------  --------  ----------  --------------  -------------------
/opt/airflow/dags/simple_data_generation_dag.py                           1           0  0.58s           2025-12-24T20:05:10
================================================================================
[2025-12-24T20:05:57.895+0000] {manager.py:887} INFO - 
================================================================================
DAG File Processing Stats

File Path                                        PID    Runtime      # DAGs    # Errors  Last Runtime    Last Run
-----------------------------------------------  -----  ---------  --------  ----------  --------------  -------------------
/opt/airflow/dags/simple_data_generation_dag.py                           1           0  0.77s           2025-12-24T20:05:41
================================================================================
[2025-12-24T20:06:28.282+0000] {manager.py:887} INFO - 
================================================================================
DAG File Processing Stats

File Path                                        PID    Runtime      # DAGs    # Errors  Last Runtime    Last Run
-----------------------------------------------  -----  ---------  --------  ----------  --------------  -------------------
/opt/airflow/dags/simple_data_generation_dag.py                           1           0  0.38s           2025-12-24T20:06:12
================================================================================
[2025-12-24T20:06:59.999+0000] {manager.py:887} INFO - 
================================================================================
DAG File Processing Stats

File Path                                        PID    Runtime      # DAGs    # Errors  Last Runtime    Last Run
-----------------------------------------------  -----  ---------  --------  ----------  --------------  -------------------
/opt/airflow/dags/simple_data_generation_dag.py                           1           0  0.34s           2025-12-24T20:06:42
================================================================================
[2025-12-24T20:07:31.892+0000] {manager.py:887} INFO - 
================================================================================
DAG File Processing Stats

File Path                                        PID    Runtime      # DAGs    # Errors  Last Runtime    Last Run
-----------------------------------------------  -----  ---------  --------  ----------  --------------  -------------------
/opt/airflow/dags/simple_data_generation_dag.py                           1           0  0.44s           2025-12-24T20:07:13
================================================================================
[2025-12-24T20:07:35.925+0000] {manager.py:755} INFO - Searching for files in /opt/airflow/dags
[2025-12-24T20:07:35.927+0000] {manager.py:758} INFO - There are 1 files in /opt/airflow/dags
[2025-12-24T20:08:03.888+0000] {manager.py:887} INFO - 
================================================================================
DAG File Processing Stats

File Path                                        PID    Runtime      # DAGs    # Errors  Last Runtime    Last Run
-----------------------------------------------  -----  ---------  --------  ----------  --------------  -------------------
/opt/airflow/dags/simple_data_generation_dag.py                           1           0  0.29s           2025-12-24T20:07:44
================================================================================
[2025-12-24T22:17:45.699+0000] {manager.py:755} INFO - Searching for files in /opt/airflow/dags
[2025-12-24T22:17:45.700+0000] {manager.py:758} INFO - There are 1 files in /opt/airflow/dags
[2025-12-25T07:01:09.622+0000] {manager.py:755} INFO - Searching for files in /opt/airflow/dags
[2025-12-25T07:01:09.624+0000] {manager.py:758} INFO - There are 1 files in /opt/airflow/dags
[2025-12-25T07:01:09.679+0000] {manager.py:1209} ERROR - Processor for /opt/airflow/dags/simple_data_generation_dag.py with PID 224 started at 2025-12-24T22:17:46.064995+00:00 has timed out, killing it.
[2025-12-25T07:01:21.774+0000] {manager.py:887} INFO - 
================================================================================
DAG File Processing Stats

File Path                                        PID    Runtime      # DAGs    # Errors  Last Runtime    Last Run
-----------------------------------------------  -----  ---------  --------  ----------  --------------  -------------------
/opt/airflow/dags/simple_data_generation_dag.py                           0           1  31403.61s       2025-12-25T07:01:09
================================================================================
[2025-12-25T07:01:52.624+0000] {manager.py:887} INFO - 
================================================================================
DAG File Processing Stats

File Path                                        PID    Runtime      # DAGs    # Errors  Last Runtime    Last Run
-----------------------------------------------  -----  ---------  --------  ----------  --------------  -------------------
/opt/airflow/dags/simple_data_generation_dag.py                           1           0  0.20s           2025-12-25T07:01:40
================================================================================
[2025-12-25T07:02:23.769+0000] {manager.py:887} INFO - 
================================================================================
DAG File Processing Stats

File Path                                        PID    Runtime      # DAGs    # Errors  Last Runtime    Last Run
-----------------------------------------------  -----  ---------  --------  ----------  --------------  -------------------
/opt/airflow/dags/simple_data_generation_dag.py                           1           0  0.19s           2025-12-25T07:02:11
================================================================================
[2025-12-25T07:02:54.843+0000] {manager.py:887} INFO - 
================================================================================
DAG File Processing Stats

File Path                                        PID    Runtime      # DAGs    # Errors  Last Runtime    Last Run
-----------------------------------------------  -----  ---------  --------  ----------  --------------  -------------------
/opt/airflow/dags/simple_data_generation_dag.py                           1           0  0.47s           2025-12-25T07:02:43
================================================================================
[2025-12-25T07:03:26.411+0000] {manager.py:887} INFO - 
================================================================================
DAG File Processing Stats

File Path                                        PID    Runtime      # DAGs    # Errors  Last Runtime    Last Run
-----------------------------------------------  -----  ---------  --------  ----------  --------------  -------------------
/opt/airflow/dags/simple_data_generation_dag.py                           1           0  0.26s           2025-12-25T07:03:13
================================================================================
[2025-12-25T07:03:57.868+0000] {manager.py:887} INFO - 
================================================================================
DAG File Processing Stats

File Path                                        PID    Runtime      # DAGs    # Errors  Last Runtime    Last Run
-----------------------------------------------  -----  ---------  --------  ----------  --------------  -------------------
/opt/airflow/dags/simple_data_generation_dag.py                           1           0  0.38s           2025-12-25T07:03:44
================================================================================
[2025-12-25T07:04:28.812+0000] {manager.py:887} INFO - 
================================================================================
DAG File Processing Stats

File Path                                        PID    Runtime      # DAGs    # Errors  Last Runtime    Last Run
-----------------------------------------------  -----  ---------  --------  ----------  --------------  -------------------
/opt/airflow/dags/simple_data_generation_dag.py                           1           0  0.44s           2025-12-25T07:04:14
================================================================================
[2025-12-25T07:05:00.004+0000] {manager.py:887} INFO - 
================================================================================
DAG File Processing Stats

File Path                                        PID    Runtime      # DAGs    # Errors  Last Runtime    Last Run
-----------------------------------------------  -----  ---------  --------  ----------  --------------  -------------------
/opt/airflow/dags/simple_data_generation_dag.py                           1           0  0.40s           2025-12-25T07:04:45
================================================================================
[2025-12-25T07:05:31.085+0000] {manager.py:887} INFO - 
================================================================================
DAG File Processing Stats

File Path                                        PID    Runtime      # DAGs    # Errors  Last Runtime    Last Run
-----------------------------------------------  -----  ---------  --------  ----------  --------------  -------------------
/opt/airflow/dags/simple_data_generation_dag.py                           1           0  0.57s           2025-12-25T07:05:16
================================================================================
[2025-12-25T07:06:02.306+0000] {manager.py:887} INFO - 
================================================================================
DAG File Processing Stats

File Path                                        PID    Runtime      # DAGs    # Errors  Last Runtime    Last Run
-----------------------------------------------  -----  ---------  --------  ----------  --------------  -------------------
/opt/airflow/dags/simple_data_generation_dag.py                           1           0  0.34s           2025-12-25T07:05:46
================================================================================
[2025-12-25T07:06:09.667+0000] {manager.py:755} INFO - Searching for files in /opt/airflow/dags
[2025-12-25T07:06:09.671+0000] {manager.py:758} INFO - There are 1 files in /opt/airflow/dags
[2025-12-25T07:06:33.809+0000] {manager.py:887} INFO - 
================================================================================
DAG File Processing Stats

File Path                                        PID    Runtime      # DAGs    # Errors  Last Runtime    Last Run
-----------------------------------------------  -----  ---------  --------  ----------  --------------  -------------------
/opt/airflow/dags/simple_data_generation_dag.py                           1           0  0.40s           2025-12-25T07:06:17
================================================================================
[2025-12-25T07:07:05.352+0000] {manager.py:887} INFO - 
================================================================================
DAG File Processing Stats

File Path                                        PID    Runtime      # DAGs    # Errors  Last Runtime    Last Run
-----------------------------------------------  -----  ---------  --------  ----------  --------------  -------------------
/opt/airflow/dags/simple_data_generation_dag.py                           1           0  0.40s           2025-12-25T07:06:47
================================================================================
[2025-12-25T07:07:36.374+0000] {manager.py:887} INFO - 
================================================================================
DAG File Processing Stats

File Path                                        PID    Runtime      # DAGs    # Errors  Last Runtime    Last Run
-----------------------------------------------  -----  ---------  --------  ----------  --------------  -------------------
/opt/airflow/dags/simple_data_generation_dag.py                           1           0  0.44s           2025-12-25T07:07:18
================================================================================
[2025-12-25T07:08:06.636+0000] {manager.py:887} INFO - 
================================================================================
DAG File Processing Stats

File Path                                        PID    Runtime      # DAGs    # Errors  Last Runtime    Last Run
-----------------------------------------------  -----  ---------  --------  ----------  --------------  -------------------
/opt/airflow/dags/simple_data_generation_dag.py                           1           0  0.41s           2025-12-25T07:07:48
================================================================================
[2025-12-25T07:08:37.661+0000] {manager.py:887} INFO - 
================================================================================
DAG File Processing Stats

File Path                                        PID    Runtime      # DAGs    # Errors  Last Runtime    Last Run
-----------------------------------------------  -----  ---------  --------  ----------  --------------  -------------------
/opt/airflow/dags/simple_data_generation_dag.py                           1           0  0.50s           2025-12-25T07:08:19
================================================================================
[2025-12-25T07:09:08.839+0000] {manager.py:887} INFO - 
================================================================================
DAG File Processing Stats

File Path                                        PID    Runtime      # DAGs    # Errors  Last Runtime    Last Run
-----------------------------------------------  -----  ---------  --------  ----------  --------------  -------------------
/opt/airflow/dags/simple_data_generation_dag.py                           1           0  0.46s           2025-12-25T07:08:50
================================================================================
[2025-12-25T07:09:39.787+0000] {manager.py:887} INFO - 
================================================================================
DAG File Processing Stats

File Path                                        PID    Runtime      # DAGs    # Errors  Last Runtime    Last Run
-----------------------------------------------  -----  ---------  --------  ----------  --------------  -------------------
/opt/airflow/dags/simple_data_generation_dag.py                           1           0  0.35s           2025-12-25T07:09:20
================================================================================
[2025-12-25T07:10:11.645+0000] {manager.py:887} INFO - 
================================================================================
DAG File Processing Stats

File Path                                        PID    Runtime      # DAGs    # Errors  Last Runtime    Last Run
-----------------------------------------------  -----  ---------  --------  ----------  --------------  -------------------
/opt/airflow/dags/simple_data_generation_dag.py                           1           0  0.74s           2025-12-25T07:09:51
================================================================================
[2025-12-25T07:10:42.909+0000] {manager.py:887} INFO - 
================================================================================
DAG File Processing Stats

File Path                                        PID    Runtime      # DAGs    # Errors  Last Runtime    Last Run
-----------------------------------------------  -----  ---------  --------  ----------  --------------  -------------------
/opt/airflow/dags/simple_data_generation_dag.py                           1           0  0.33s           2025-12-25T07:10:22
================================================================================
[2025-12-25T07:11:09.758+0000] {manager.py:755} INFO - Searching for files in /opt/airflow/dags
[2025-12-25T07:11:09.762+0000] {manager.py:758} INFO - There are 1 files in /opt/airflow/dags
[2025-12-25T07:11:13.866+0000] {manager.py:887} INFO - 
================================================================================
DAG File Processing Stats

File Path                                        PID    Runtime      # DAGs    # Errors  Last Runtime    Last Run
-----------------------------------------------  -----  ---------  --------  ----------  --------------  -------------------
/opt/airflow/dags/simple_data_generation_dag.py                           1           0  0.38s           2025-12-25T07:10:52
================================================================================
[2025-12-25T07:11:45.095+0000] {manager.py:887} INFO - 
================================================================================
DAG File Processing Stats

File Path                                        PID    Runtime      # DAGs    # Errors  Last Runtime    Last Run
-----------------------------------------------  -----  ---------  --------  ----------  --------------  -------------------
/opt/airflow/dags/simple_data_generation_dag.py                           1           0  0.36s           2025-12-25T07:11:23
================================================================================
[2025-12-25T07:12:16.135+0000] {manager.py:887} INFO - 
================================================================================
DAG File Processing Stats

File Path                                        PID    Runtime      # DAGs    # Errors  Last Runtime    Last Run
-----------------------------------------------  -----  ---------  --------  ----------  --------------  -------------------
/opt/airflow/dags/simple_data_generation_dag.py                           1           0  0.56s           2025-12-25T07:11:54
================================================================================
[2025-12-25T07:12:47.371+0000] {manager.py:887} INFO - 
================================================================================
DAG File Processing Stats

File Path                                        PID    Runtime      # DAGs    # Errors  Last Runtime    Last Run
-----------------------------------------------  -----  ---------  --------  ----------  --------------  -------------------
/opt/airflow/dags/simple_data_generation_dag.py                           1           0  0.29s           2025-12-25T07:12:24
================================================================================
[2025-12-25T07:13:18.816+0000] {manager.py:887} INFO - 
================================================================================
DAG File Processing Stats

File Path                                        PID    Runtime      # DAGs    # Errors  Last Runtime    Last Run
-----------------------------------------------  -----  ---------  --------  ----------  --------------  -------------------
/opt/airflow/dags/simple_data_generation_dag.py                           1           0  0.47s           2025-12-25T07:12:55
================================================================================
[2025-12-25T07:13:49.792+0000] {manager.py:887} INFO - 
================================================================================
DAG File Processing Stats

File Path                                        PID    Runtime      # DAGs    # Errors  Last Runtime    Last Run
-----------------------------------------------  -----  ---------  --------  ----------  --------------  -------------------
/opt/airflow/dags/simple_data_generation_dag.py                           1           0  0.34s           2025-12-25T07:13:25
================================================================================
[2025-12-25T07:14:20.926+0000] {manager.py:887} INFO - 
================================================================================
DAG File Processing Stats

File Path                                        PID    Runtime      # DAGs    # Errors  Last Runtime    Last Run
-----------------------------------------------  -----  ---------  --------  ----------  --------------  -------------------
/opt/airflow/dags/simple_data_generation_dag.py                           1           0  0.33s           2025-12-25T07:13:56
================================================================================
[2025-12-25T07:14:52.329+0000] {manager.py:887} INFO - 
================================================================================
DAG File Processing Stats

File Path                                        PID    Runtime      # DAGs    # Errors  Last Runtime    Last Run
-----------------------------------------------  -----  ---------  --------  ----------  --------------  -------------------
/opt/airflow/dags/simple_data_generation_dag.py                           1           0  0.27s           2025-12-25T07:14:26
================================================================================
[2025-12-25T07:15:23.793+0000] {manager.py:887} INFO - 
================================================================================
DAG File Processing Stats

File Path                                        PID    Runtime      # DAGs    # Errors  Last Runtime    Last Run
-----------------------------------------------  -----  ---------  --------  ----------  --------------  -------------------
/opt/airflow/dags/simple_data_generation_dag.py                           1           0  0.39s           2025-12-25T07:14:57
================================================================================
[2025-12-25T07:15:54.723+0000] {manager.py:887} INFO - 
================================================================================
DAG File Processing Stats

File Path                                        PID    Runtime      # DAGs    # Errors  Last Runtime    Last Run
-----------------------------------------------  -----  ---------  --------  ----------  --------------  -------------------
/opt/airflow/dags/simple_data_generation_dag.py                           1           0  0.46s           2025-12-25T07:15:27
================================================================================
[2025-12-25T07:16:09.858+0000] {manager.py:755} INFO - Searching for files in /opt/airflow/dags
[2025-12-25T07:16:09.864+0000] {manager.py:758} INFO - There are 1 files in /opt/airflow/dags
[2025-12-25T07:16:25.869+0000] {manager.py:887} INFO - 
================================================================================
DAG File Processing Stats

File Path                                        PID    Runtime      # DAGs    # Errors  Last Runtime    Last Run
-----------------------------------------------  -----  ---------  --------  ----------  --------------  -------------------
/opt/airflow/dags/simple_data_generation_dag.py                           1           0  0.40s           2025-12-25T07:15:58
================================================================================
[2025-12-25T07:16:56.480+0000] {manager.py:887} INFO - 
================================================================================
DAG File Processing Stats

File Path                                        PID    Runtime      # DAGs    # Errors  Last Runtime    Last Run
-----------------------------------------------  -----  ---------  --------  ----------  --------------  -------------------
/opt/airflow/dags/simple_data_generation_dag.py                           1           0  0.32s           2025-12-25T07:16:28
================================================================================
[2025-12-25T07:17:27.628+0000] {manager.py:887} INFO - 
================================================================================
DAG File Processing Stats

File Path                                        PID    Runtime      # DAGs    # Errors  Last Runtime    Last Run
-----------------------------------------------  -----  ---------  --------  ----------  --------------  -------------------
/opt/airflow/dags/simple_data_generation_dag.py                           1           0  0.24s           2025-12-25T07:16:59
================================================================================
[2025-12-25T07:17:58.972+0000] {manager.py:887} INFO - 
================================================================================
DAG File Processing Stats

File Path                                        PID    Runtime      # DAGs    # Errors  Last Runtime    Last Run
-----------------------------------------------  -----  ---------  --------  ----------  --------------  -------------------
/opt/airflow/dags/simple_data_generation_dag.py                           1           0  0.53s           2025-12-25T07:17:30
================================================================================
[2025-12-25T07:18:30.375+0000] {manager.py:887} INFO - 
================================================================================
DAG File Processing Stats

File Path                                        PID    Runtime      # DAGs    # Errors  Last Runtime    Last Run
-----------------------------------------------  -----  ---------  --------  ----------  --------------  -------------------
/opt/airflow/dags/simple_data_generation_dag.py                           1           0  0.28s           2025-12-25T07:18:00
================================================================================
[2025-12-25T07:19:01.439+0000] {manager.py:887} INFO - 
================================================================================
DAG File Processing Stats

File Path                                          PID  Runtime      # DAGs    # Errors  Last Runtime    Last Run
-----------------------------------------------  -----  ---------  --------  ----------  --------------  -------------------
/opt/airflow/dags/simple_data_generation_dag.py    401  0.01s             1           0  0.62s           2025-12-25T07:18:31
================================================================================
[2025-12-25T07:19:32.380+0000] {manager.py:887} INFO - 
================================================================================
DAG File Processing Stats

File Path                                        PID    Runtime      # DAGs    # Errors  Last Runtime    Last Run
-----------------------------------------------  -----  ---------  --------  ----------  --------------  -------------------
/opt/airflow/dags/simple_data_generation_dag.py                           1           0  0.61s           2025-12-25T07:19:32
================================================================================
[2025-12-25T07:20:03.504+0000] {manager.py:887} INFO - 
================================================================================
DAG File Processing Stats

File Path                                        PID    Runtime      # DAGs    # Errors  Last Runtime    Last Run
-----------------------------------------------  -----  ---------  --------  ----------  --------------  -------------------
/opt/airflow/dags/simple_data_generation_dag.py                           1           0  0.29s           2025-12-25T07:20:02
================================================================================
[2025-12-25T07:20:34.969+0000] {manager.py:887} INFO - 
================================================================================
DAG File Processing Stats

File Path                                        PID    Runtime      # DAGs    # Errors  Last Runtime    Last Run
-----------------------------------------------  -----  ---------  --------  ----------  --------------  -------------------
/opt/airflow/dags/simple_data_generation_dag.py                           1           0  0.36s           2025-12-25T07:20:33
================================================================================
[2025-12-25T07:21:06.315+0000] {manager.py:887} INFO - 
================================================================================
DAG File Processing Stats

File Path                                        PID    Runtime      # DAGs    # Errors  Last Runtime    Last Run
-----------------------------------------------  -----  ---------  --------  ----------  --------------  -------------------
/opt/airflow/dags/simple_data_generation_dag.py                           1           0  0.61s           2025-12-25T07:21:04
================================================================================
[2025-12-25T07:21:10.360+0000] {manager.py:755} INFO - Searching for files in /opt/airflow/dags
[2025-12-25T07:21:10.363+0000] {manager.py:758} INFO - There are 1 files in /opt/airflow/dags
[2025-12-25T07:21:37.113+0000] {manager.py:887} INFO - 
================================================================================
DAG File Processing Stats

File Path                                        PID    Runtime      # DAGs    # Errors  Last Runtime    Last Run
-----------------------------------------------  -----  ---------  --------  ----------  --------------  -------------------
/opt/airflow/dags/simple_data_generation_dag.py                           1           0  0.49s           2025-12-25T07:21:35
================================================================================
[2025-12-25T07:22:08.512+0000] {manager.py:887} INFO - 
================================================================================
DAG File Processing Stats

File Path                                        PID    Runtime      # DAGs    # Errors  Last Runtime    Last Run
-----------------------------------------------  -----  ---------  --------  ----------  --------------  -------------------
/opt/airflow/dags/simple_data_generation_dag.py                           1           0  0.40s           2025-12-25T07:22:05
================================================================================
[2025-12-25T07:22:39.684+0000] {manager.py:887} INFO - 
================================================================================
DAG File Processing Stats

File Path                                        PID    Runtime      # DAGs    # Errors  Last Runtime    Last Run
-----------------------------------------------  -----  ---------  --------  ----------  --------------  -------------------
/opt/airflow/dags/simple_data_generation_dag.py                           1           0  0.59s           2025-12-25T07:22:36
================================================================================
[2025-12-25T07:23:11.085+0000] {manager.py:887} INFO - 
================================================================================
DAG File Processing Stats

File Path                                        PID    Runtime      # DAGs    # Errors  Last Runtime    Last Run
-----------------------------------------------  -----  ---------  --------  ----------  --------------  -------------------
/opt/airflow/dags/simple_data_generation_dag.py                           1           0  0.37s           2025-12-25T07:23:07
================================================================================
[2025-12-25T07:23:42.474+0000] {manager.py:887} INFO - 
================================================================================
DAG File Processing Stats

File Path                                        PID    Runtime      # DAGs    # Errors  Last Runtime    Last Run
-----------------------------------------------  -----  ---------  --------  ----------  --------------  -------------------
/opt/airflow/dags/simple_data_generation_dag.py                           1           0  0.33s           2025-12-25T07:23:37
================================================================================
[2025-12-25T07:24:14.170+0000] {manager.py:887} INFO - 
================================================================================
DAG File Processing Stats

File Path                                        PID    Runtime      # DAGs    # Errors  Last Runtime    Last Run
-----------------------------------------------  -----  ---------  --------  ----------  --------------  -------------------
/opt/airflow/dags/simple_data_generation_dag.py                           1           0  0.26s           2025-12-25T07:24:08
================================================================================
[2025-12-25T07:24:44.634+0000] {manager.py:887} INFO - 
================================================================================
DAG File Processing Stats

File Path                                        PID    Runtime      # DAGs    # Errors  Last Runtime    Last Run
-----------------------------------------------  -----  ---------  --------  ----------  --------------  -------------------
/opt/airflow/dags/simple_data_generation_dag.py                           1           0  0.56s           2025-12-25T07:24:38
================================================================================
[2025-12-25T07:25:15.210+0000] {manager.py:887} INFO - 
================================================================================
DAG File Processing Stats

File Path                                        PID    Runtime      # DAGs    # Errors  Last Runtime    Last Run
-----------------------------------------------  -----  ---------  --------  ----------  --------------  -------------------
/opt/airflow/dags/simple_data_generation_dag.py                           1           0  0.34s           2025-12-25T07:25:09
================================================================================
[2025-12-25T07:25:46.097+0000] {manager.py:887} INFO - 
================================================================================
DAG File Processing Stats

File Path                                        PID    Runtime      # DAGs    # Errors  Last Runtime    Last Run
-----------------------------------------------  -----  ---------  --------  ----------  --------------  -------------------
/opt/airflow/dags/simple_data_generation_dag.py                           1           0  0.30s           2025-12-25T07:25:40
================================================================================
[2025-12-25T07:26:10.612+0000] {manager.py:755} INFO - Searching for files in /opt/airflow/dags
[2025-12-25T07:26:10.615+0000] {manager.py:758} INFO - There are 1 files in /opt/airflow/dags
[2025-12-25T07:26:16.124+0000] {manager.py:887} INFO - 
================================================================================
DAG File Processing Stats

File Path                                        PID    Runtime      # DAGs    # Errors  Last Runtime    Last Run
-----------------------------------------------  -----  ---------  --------  ----------  --------------  -------------------
/opt/airflow/dags/simple_data_generation_dag.py                           1           0  0.44s           2025-12-25T07:26:11
================================================================================
[2025-12-25T07:26:46.397+0000] {manager.py:887} INFO - 
================================================================================
DAG File Processing Stats

File Path                                        PID    Runtime      # DAGs    # Errors  Last Runtime    Last Run
-----------------------------------------------  -----  ---------  --------  ----------  --------------  -------------------
/opt/airflow/dags/simple_data_generation_dag.py                           1           0  0.42s           2025-12-25T07:26:41
================================================================================
[2025-12-25T07:27:17.100+0000] {manager.py:887} INFO - 
================================================================================
DAG File Processing Stats

File Path                                        PID    Runtime      # DAGs    # Errors  Last Runtime    Last Run
-----------------------------------------------  -----  ---------  --------  ----------  --------------  -------------------
/opt/airflow/dags/simple_data_generation_dag.py                           1           0  0.34s           2025-12-25T07:27:12
================================================================================
[2025-12-25T07:27:48.030+0000] {manager.py:887} INFO - 
================================================================================
DAG File Processing Stats

File Path                                        PID    Runtime      # DAGs    # Errors  Last Runtime    Last Run
-----------------------------------------------  -----  ---------  --------  ----------  --------------  -------------------
/opt/airflow/dags/simple_data_generation_dag.py                           1           0  0.29s           2025-12-25T07:27:43
================================================================================
[2025-12-25T07:28:19.373+0000] {manager.py:887} INFO - 
================================================================================
DAG File Processing Stats

File Path                                        PID    Runtime      # DAGs    # Errors  Last Runtime    Last Run
-----------------------------------------------  -----  ---------  --------  ----------  --------------  -------------------
/opt/airflow/dags/simple_data_generation_dag.py                           1           0  0.36s           2025-12-25T07:28:13
================================================================================
[2025-12-25T07:28:50.790+0000] {manager.py:887} INFO - 
================================================================================
DAG File Processing Stats

File Path                                        PID    Runtime      # DAGs    # Errors  Last Runtime    Last Run
-----------------------------------------------  -----  ---------  --------  ----------  --------------  -------------------
/opt/airflow/dags/simple_data_generation_dag.py                           1           0  0.35s           2025-12-25T07:28:44
================================================================================
[2025-12-25T07:29:22.349+0000] {manager.py:887} INFO - 
================================================================================
DAG File Processing Stats

File Path                                        PID    Runtime      # DAGs    # Errors  Last Runtime    Last Run
-----------------------------------------------  -----  ---------  --------  ----------  --------------  -------------------
/opt/airflow/dags/simple_data_generation_dag.py                           1           0  0.36s           2025-12-25T07:29:14
================================================================================
[2025-12-25T07:29:53.229+0000] {manager.py:887} INFO - 
================================================================================
DAG File Processing Stats

File Path                                        PID    Runtime      # DAGs    # Errors  Last Runtime    Last Run
-----------------------------------------------  -----  ---------  --------  ----------  --------------  -------------------
/opt/airflow/dags/simple_data_generation_dag.py                           1           0  0.38s           2025-12-25T07:29:45
================================================================================
[2025-12-25T07:30:24.457+0000] {manager.py:887} INFO - 
================================================================================
DAG File Processing Stats

File Path                                        PID    Runtime      # DAGs    # Errors  Last Runtime    Last Run
-----------------------------------------------  -----  ---------  --------  ----------  --------------  -------------------
/opt/airflow/dags/simple_data_generation_dag.py                           1           0  0.25s           2025-12-25T07:30:16
================================================================================
[2025-12-25T07:30:55.824+0000] {manager.py:887} INFO - 
================================================================================
DAG File Processing Stats

File Path                                        PID    Runtime      # DAGs    # Errors  Last Runtime    Last Run
-----------------------------------------------  -----  ---------  --------  ----------  --------------  -------------------
/opt/airflow/dags/simple_data_generation_dag.py                           1           0  0.28s           2025-12-25T07:30:46
================================================================================
[2025-12-25T07:31:11.021+0000] {manager.py:755} INFO - Searching for files in /opt/airflow/dags
[2025-12-25T07:31:11.024+0000] {manager.py:758} INFO - There are 1 files in /opt/airflow/dags
[2025-12-25T07:31:27.134+0000] {manager.py:887} INFO - 
================================================================================
DAG File Processing Stats

File Path                                        PID    Runtime      # DAGs    # Errors  Last Runtime    Last Run
-----------------------------------------------  -----  ---------  --------  ----------  --------------  -------------------
/opt/airflow/dags/simple_data_generation_dag.py                           1           0  0.32s           2025-12-25T07:31:17
================================================================================
[2025-12-25T07:31:58.532+0000] {manager.py:887} INFO - 
================================================================================
DAG File Processing Stats

File Path                                        PID    Runtime      # DAGs    # Errors  Last Runtime    Last Run
-----------------------------------------------  -----  ---------  --------  ----------  --------------  -------------------
/opt/airflow/dags/simple_data_generation_dag.py                           1           0  0.34s           2025-12-25T07:31:47
================================================================================
[2025-12-25T07:32:29.931+0000] {manager.py:887} INFO - 
================================================================================
DAG File Processing Stats

File Path                                        PID    Runtime      # DAGs    # Errors  Last Runtime    Last Run
-----------------------------------------------  -----  ---------  --------  ----------  --------------  -------------------
/opt/airflow/dags/simple_data_generation_dag.py                           1           0  0.39s           2025-12-25T07:32:18
================================================================================
[2025-12-25T07:33:00.495+0000] {manager.py:887} INFO - 
================================================================================
DAG File Processing Stats

File Path                                        PID    Runtime      # DAGs    # Errors  Last Runtime    Last Run
-----------------------------------------------  -----  ---------  --------  ----------  --------------  -------------------
/opt/airflow/dags/simple_data_generation_dag.py                           1           0  0.29s           2025-12-25T07:32:48
================================================================================
[2025-12-25T07:33:31.393+0000] {manager.py:887} INFO - 
================================================================================
DAG File Processing Stats

File Path                                        PID    Runtime      # DAGs    # Errors  Last Runtime    Last Run
-----------------------------------------------  -----  ---------  --------  ----------  --------------  -------------------
/opt/airflow/dags/simple_data_generation_dag.py                           1           0  0.49s           2025-12-25T07:33:19
================================================================================
[2025-12-25T07:34:02.551+0000] {manager.py:887} INFO - 
================================================================================
DAG File Processing Stats

File Path                                        PID    Runtime      # DAGs    # Errors  Last Runtime    Last Run
-----------------------------------------------  -----  ---------  --------  ----------  --------------  -------------------
/opt/airflow/dags/simple_data_generation_dag.py                           1           0  0.36s           2025-12-25T07:33:49
================================================================================
[2025-12-25T07:34:33.466+0000] {manager.py:887} INFO - 
================================================================================
DAG File Processing Stats

File Path                                        PID    Runtime      # DAGs    # Errors  Last Runtime    Last Run
-----------------------------------------------  -----  ---------  --------  ----------  --------------  -------------------
/opt/airflow/dags/simple_data_generation_dag.py                           1           0  0.43s           2025-12-25T07:34:20
================================================================================
[2025-12-25T07:35:04.650+0000] {manager.py:887} INFO - 
================================================================================
DAG File Processing Stats

File Path                                        PID    Runtime      # DAGs    # Errors  Last Runtime    Last Run
-----------------------------------------------  -----  ---------  --------  ----------  --------------  -------------------
/opt/airflow/dags/simple_data_generation_dag.py                           1           0  0.33s           2025-12-25T07:34:50
================================================================================
[2025-12-25T07:35:36.048+0000] {manager.py:887} INFO - 
================================================================================
DAG File Processing Stats

File Path                                        PID    Runtime      # DAGs    # Errors  Last Runtime    Last Run
-----------------------------------------------  -----  ---------  --------  ----------  --------------  -------------------
/opt/airflow/dags/simple_data_generation_dag.py                           1           0  0.40s           2025-12-25T07:35:21
================================================================================
[2025-12-25T07:36:07.456+0000] {manager.py:887} INFO - 
================================================================================
DAG File Processing Stats

File Path                                        PID    Runtime      # DAGs    # Errors  Last Runtime    Last Run
-----------------------------------------------  -----  ---------  --------  ----------  --------------  -------------------
/opt/airflow/dags/simple_data_generation_dag.py                           1           0  0.55s           2025-12-25T07:35:52
================================================================================
[2025-12-25T07:36:11.492+0000] {manager.py:755} INFO - Searching for files in /opt/airflow/dags
[2025-12-25T07:36:11.493+0000] {manager.py:758} INFO - There are 1 files in /opt/airflow/dags
[2025-12-25T07:36:38.706+0000] {manager.py:887} INFO - 
================================================================================
DAG File Processing Stats

File Path                                        PID    Runtime      # DAGs    # Errors  Last Runtime    Last Run
-----------------------------------------------  -----  ---------  --------  ----------  --------------  -------------------
/opt/airflow/dags/simple_data_generation_dag.py                           1           0  0.30s           2025-12-25T07:36:22
================================================================================
[2025-12-25T07:37:10.065+0000] {manager.py:887} INFO - 
================================================================================
DAG File Processing Stats

File Path                                        PID    Runtime      # DAGs    # Errors  Last Runtime    Last Run
-----------------------------------------------  -----  ---------  --------  ----------  --------------  -------------------
/opt/airflow/dags/simple_data_generation_dag.py                           1           0  0.33s           2025-12-25T07:36:53
================================================================================
[2025-12-25T07:37:41.201+0000] {manager.py:887} INFO - 
================================================================================
DAG File Processing Stats

File Path                                        PID    Runtime      # DAGs    # Errors  Last Runtime    Last Run
-----------------------------------------------  -----  ---------  --------  ----------  --------------  -------------------
/opt/airflow/dags/simple_data_generation_dag.py                           1           0  0.26s           2025-12-25T07:37:24
================================================================================
[2025-12-25T07:38:12.558+0000] {manager.py:887} INFO - 
================================================================================
DAG File Processing Stats

File Path                                        PID    Runtime      # DAGs    # Errors  Last Runtime    Last Run
-----------------------------------------------  -----  ---------  --------  ----------  --------------  -------------------
/opt/airflow/dags/simple_data_generation_dag.py                           1           0  0.35s           2025-12-25T07:37:54
================================================================================
[2025-12-25T07:38:43.139+0000] {manager.py:887} INFO - 
================================================================================
DAG File Processing Stats

File Path                                        PID    Runtime      # DAGs    # Errors  Last Runtime    Last Run
-----------------------------------------------  -----  ---------  --------  ----------  --------------  -------------------
/opt/airflow/dags/simple_data_generation_dag.py                           1           0  0.23s           2025-12-25T07:38:25
================================================================================
[2025-12-25T07:39:15.370+0000] {manager.py:887} INFO - 
================================================================================
DAG File Processing Stats

File Path                                        PID    Runtime      # DAGs    # Errors  Last Runtime    Last Run
-----------------------------------------------  -----  ---------  --------  ----------  --------------  -------------------
/opt/airflow/dags/simple_data_generation_dag.py                           1           0  0.40s           2025-12-25T07:38:55
================================================================================
[2025-12-25T07:39:46.601+0000] {manager.py:887} INFO - 
================================================================================
DAG File Processing Stats

File Path                                        PID    Runtime      # DAGs    # Errors  Last Runtime    Last Run
-----------------------------------------------  -----  ---------  --------  ----------  --------------  -------------------
/opt/airflow/dags/simple_data_generation_dag.py                           1           0  0.47s           2025-12-25T07:39:26
================================================================================
[2025-12-25T07:40:18.096+0000] {manager.py:887} INFO - 
================================================================================
DAG File Processing Stats

File Path                                        PID    Runtime      # DAGs    # Errors  Last Runtime    Last Run
-----------------------------------------------  -----  ---------  --------  ----------  --------------  -------------------
/opt/airflow/dags/simple_data_generation_dag.py                           1           0  0.35s           2025-12-25T07:39:57
================================================================================
[2025-12-25T07:40:49.067+0000] {manager.py:887} INFO - 
================================================================================
DAG File Processing Stats

File Path                                        PID    Runtime      # DAGs    # Errors  Last Runtime    Last Run
-----------------------------------------------  -----  ---------  --------  ----------  --------------  -------------------
/opt/airflow/dags/simple_data_generation_dag.py                           1           0  0.48s           2025-12-25T07:40:27
================================================================================
[2025-12-25T07:41:11.726+0000] {manager.py:755} INFO - Searching for files in /opt/airflow/dags
[2025-12-25T07:41:11.728+0000] {manager.py:758} INFO - There are 1 files in /opt/airflow/dags
[2025-12-25T07:41:20.202+0000] {manager.py:887} INFO - 
================================================================================
DAG File Processing Stats

File Path                                        PID    Runtime      # DAGs    # Errors  Last Runtime    Last Run
-----------------------------------------------  -----  ---------  --------  ----------  --------------  -------------------
/opt/airflow/dags/simple_data_generation_dag.py                           1           0  0.48s           2025-12-25T07:40:58
================================================================================
